<?xml version="1.0" encoding="UTF-8"?>
<!-- Generated by org.testng.reporters.JUnitReportReporter -->
<testsuite skipped="6" hostname="WKWIN3661704" name="com.gamestop.tests_staging.GameStop_Mobile_Prod" tests="6" failures="0" timestamp="2020-10-19T21:57:31 IST" time="0.000" errors="0">
  <testcase name="toysAndCollectibiles" time="0.000" classname="com.gamestop.tests_staging.GameStop_Mobile_Prod">
    <skipped/>
  </testcase> <!-- toysAndCollectibiles -->
  <system-out/>
  <testcase name="accessories_validation" time="0.000" classname="com.gamestop.tests_staging.GameStop_Mobile_Prod">
    <skipped/>
  </testcase> <!-- accessories_validation -->
  <system-out/>
  <testcase name="clothing_validation" time="0.000" classname="com.gamestop.tests_staging.GameStop_Mobile_Prod">
    <skipped/>
  </testcase> <!-- clothing_validation -->
  <system-out/>
  <testcase name="deals_validation" time="0.000" classname="com.gamestop.tests_staging.GameStop_Mobile_Prod">
    <skipped/>
  </testcase> <!-- deals_validation -->
  <system-out/>
  <testcase name="videoGames_validation" time="0.000" classname="com.gamestop.tests_staging.GameStop_Mobile_Prod">
    <skipped/>
  </testcase> <!-- videoGames_validation -->
  <system-out/>
  <testcase name="homepage_mob_Validation" time="0.000" classname="com.gamestop.tests_staging.GameStop_Mobile_Prod">
    <skipped/>
  </testcase> <!-- homepage_mob_Validation -->
  <system-out/>
</testsuite> <!-- com.gamestop.tests_staging.GameStop_Mobile_Prod -->
