<?xml version="1.0" encoding="UTF-8"?>
<!-- Generated by org.testng.reporters.JUnitReportReporter -->
<testsuite skipped="6" hostname="WKWIN3661704" name="com.gamestop.tests_staging.GameStop_Mobile_Stage" tests="6" failures="0" timestamp="2020-10-19T21:57:31 IST" time="0.000" errors="0">
  <testcase name="accessories_ContentaValidation" time="0.000" classname="com.gamestop.tests_staging.GameStop_Mobile_Stage">
    <skipped/>
  </testcase> <!-- accessories_ContentaValidation -->
  <system-out/>
  <testcase name="clothing_Validation" time="0.000" classname="com.gamestop.tests_staging.GameStop_Mobile_Stage">
    <skipped/>
  </testcase> <!-- clothing_Validation -->
  <system-out/>
  <testcase name="videoGames_ContentValidation" time="0.000" classname="com.gamestop.tests_staging.GameStop_Mobile_Stage">
    <skipped/>
  </testcase> <!-- videoGames_ContentValidation -->
  <system-out/>
  <testcase name="toysAndCollectibiles_validation" time="0.000" classname="com.gamestop.tests_staging.GameStop_Mobile_Stage">
    <skipped/>
  </testcase> <!-- toysAndCollectibiles_validation -->
  <system-out/>
  <testcase name="homePage_contentValidation" time="0.000" classname="com.gamestop.tests_staging.GameStop_Mobile_Stage">
    <skipped/>
  </testcase> <!-- homePage_contentValidation -->
  <system-out/>
  <testcase name="deals_Validation" time="0.000" classname="com.gamestop.tests_staging.GameStop_Mobile_Stage">
    <skipped/>
  </testcase> <!-- deals_Validation -->
  <system-out/>
</testsuite> <!-- com.gamestop.tests_staging.GameStop_Mobile_Stage -->
