<?xml version="1.0" encoding="UTF-8"?>
<!-- Generated by org.testng.reporters.JUnitReportReporter -->
<testsuite skipped="6" hostname="WKWIN3661704" name="com.gamestop.tests_staging.GameStop_E2E_prod" tests="7" failures="0" timestamp="2020-10-19T21:57:31 IST" time="7.072" errors="1">
  <testcase name="deals_validation" time="0.000" classname="com.gamestop.tests_staging.GameStop_E2E_prod">
    <skipped/>
  </testcase> <!-- deals_validation -->
  <system-out/>
  <testcase name="videoGames_ContentValidation" time="0.000" classname="com.gamestop.tests_staging.GameStop_E2E_prod">
    <skipped/>
  </testcase> <!-- videoGames_ContentValidation -->
  <system-out/>
  <testcase name="accessories_validation" time="0.000" classname="com.gamestop.tests_staging.GameStop_E2E_prod">
    <skipped/>
  </testcase> <!-- accessories_validation -->
  <system-out/>
  <testcase name="electronics_validation" time="0.000" classname="com.gamestop.tests_staging.GameStop_E2E_prod">
    <skipped/>
  </testcase> <!-- electronics_validation -->
  <system-out/>
  <testcase name="driverInitiate" time="7.072" classname="com.gamestop.tests_staging.GameStop_E2E_prod">
    <error type="java.lang.NullPointerException">
      <![CDATA[java.lang.NullPointerException
at com.gamestop.workflows.Home_Stage.getURL(Home_Stage.java:56)
at com.gamestop.tests_staging.GameStop_E2E_prod.driverInitiate(GameStop_E2E_prod.java:47)
at sun.reflect.NativeMethodAccessorImpl.invoke0(Native Method)
at sun.reflect.NativeMethodAccessorImpl.invoke(Unknown Source)
at sun.reflect.DelegatingMethodAccessorImpl.invoke(Unknown Source)
at java.lang.reflect.Method.invoke(Unknown Source)
at org.testng.internal.MethodInvocationHelper.invokeMethod(MethodInvocationHelper.java:132)
at org.testng.internal.MethodInvocationHelper.invokeMethodConsideringTimeout(MethodInvocationHelper.java:61)
at org.testng.internal.ConfigInvoker.invokeConfigurationMethod(ConfigInvoker.java:366)
at org.testng.internal.ConfigInvoker.invokeConfigurations(ConfigInvoker.java:320)
at org.testng.TestRunner.invokeTestConfigurations(TestRunner.java:617)
at org.testng.TestRunner.beforeRun(TestRunner.java:607)
at org.testng.TestRunner.run(TestRunner.java:578)
at org.testng.SuiteRunner.runTest(SuiteRunner.java:384)
at org.testng.SuiteRunner.runSequentially(SuiteRunner.java:378)
at org.testng.SuiteRunner.privateRun(SuiteRunner.java:337)
at org.testng.SuiteRunner.run(SuiteRunner.java:286)
at org.testng.SuiteRunnerWorker.runSuite(SuiteRunnerWorker.java:53)
at org.testng.SuiteRunnerWorker.run(SuiteRunnerWorker.java:96)
at org.testng.TestNG.runSuitesSequentially(TestNG.java:1218)
at org.testng.TestNG.runSuitesLocally(TestNG.java:1140)
at org.testng.TestNG.runSuites(TestNG.java:1069)
at org.testng.TestNG.run(TestNG.java:1037)
at org.testng.remote.AbstractRemoteTestNG.run(AbstractRemoteTestNG.java:115)
at org.testng.remote.RemoteTestNG.initAndRun(RemoteTestNG.java:251)
at org.testng.remote.RemoteTestNG.main(RemoteTestNG.java:77)
]]>
    </error>
  </testcase> <!-- driverInitiate -->
  <system-out/>
  <testcase name="clothing_validations" time="0.000" classname="com.gamestop.tests_staging.GameStop_E2E_prod">
    <skipped/>
  </testcase> <!-- clothing_validations -->
  <system-out/>
  <testcase name="homePage_Validation" time="0.000" classname="com.gamestop.tests_staging.GameStop_E2E_prod">
    <skipped/>
  </testcase> <!-- homePage_Validation -->
  <system-out/>
</testsuite> <!-- com.gamestop.tests_staging.GameStop_E2E_prod -->
